 GLNI   ALA    ASN    LEU    MET    ARG    LEU    LYS    SER    ASP  
 LEU    PHE    ASN    ARG    SER    PRO    MET    TYR    PRO    GLY  
 PRO    THR    LYS    ASP    ASP    PRO    LEU    THR    VAL    THR  
 LEU    GLY    PHE    THR    LEU    GLN    ASPN2  ILE    VAL    LYS  
 VAL    ASP    SER    SER    THR    ASN    GLU    VAL    ASP    LEU  
 VAL    TYR    TRP    GLU    GLN    GLN    ARG    TRP    LYS    LEU  
 ASN    SER    LEU    MET    TRP    ASP    PRO    ASN    GLU    TYR  
 GLY    ASN    ILE    THR    ASP    PHE    ARG    THR    SER    ALA  
 ALA    ASP    ILE    TRP    THR    PRO    ASP    ILE    THR    ALA  
 TYR    GLU    SER    THR    ARG    PRO    VAL    GLN    VAL    LEU  
 SER    PRO    GLN    ILE    ALA    VAL    VAL    THR    HISD   ASP  
 GLY    SER    VAL    MET    PHE    ILE    PRO    ALA    GLN    ARG  
 LEU    SER    PHE    MET    CYSS   ASP    PRO    THR    GLY    VAL  
 ASPN2  SER    GLU    GLU    GLY    VAL    THR    CYSS   ALA    LEU  
 THR    PHE    GLY    SER    TRP    VAL    TYR    SER    GLY    PHE  
 GLU    ILE    ASP    LEU    LYS    THR    ASP    THR    ASP    GLN  
 VAL    ASP    LEU    SER    SER    TYR    TYR    ALA    SER    SER  
 LYS    TYR    GLU    ILE    LEU    SER    ALA    THR    GLN    THR  
 ARG    GLN    VAL    GLN    HISD   TYR    SER    CYSS   CYSS   PRO  
 GLU    PRO    TYR    ILE    ASP    VAL    ASN    LEU    VAL    VAL  
 LYS    PHE    ARG    GLU    ARG    ARG    ALA    GLY    ASN    GLY  
 PHE    PHET 

NUMERO DE AMINOACIDOS DA CADEIA : 212

RECONSTRUCAO  DO ATOMO  2061  OXT DO AMINOACIDO   212 PHET 

NUMERO DE ATOMOS DA CADEIA :  2061

FORAM RECONSTRUIDOS     0 ATOMOS DE HIDROGENIO
 GLNI   ALA    ASN    LEU    MET    ARG    LEU    LYS    SER    ASP  
 LEU    PHE    ASN    ARG    SER    PRO    MET    TYR    PRO    GLY  
 PRO    THR    LYS    ASP    ASP    PRO    LEU    THR    VAL    THR  
 LEU    GLY    PHE    THR    LEU    GLN    ASPN2  ILE    VAL    LYS  
 VAL    ASP    SER    SER    THR    ASN    GLU    VAL    ASP    LEU  
 VAL    TYR    TRP    GLU    GLN    GLN    ARG    TRP    LYS    LEU  
 ASN    SER    LEU    MET    TRP    ASP    PRO    ASN    GLU    TYR  
 GLY    ASN    ILE    THR    ASP    PHE    ARG    THR    SER    ALA  
 ALA    ASP    ILE    TRP    THR    PRO    ASP    ILE    THR    ALA  
 TYR    GLU    SER    THR    ARG    PRO    VAL    GLN    VAL    LEU  
 SER    PRO    GLN    ILE    ALA    VAL    VAL    THR    HISD   ASP  
 GLY    SER    VAL    MET    PHE    ILE    PRO    ALA    GLN    ARG  
 LEU    SER    PHE    MET    CYSS   ASP    PRO    THR    GLY    VAL  
 ASPN2  SER    GLU    GLU    GLY    VAL    THR    CYSS   ALA    LEU  
 THR    PHE    GLY    SER    TRP    VAL    TYR    SER    GLY    PHE  
 GLU    ILE    ASP    LEU    LYS    THR    ASP    THR    ASP    GLN  
 VAL    ASP    LEU    SER    SER    TYR    TYR    ALA    SER    SER  
 LYS    TYR    GLU    ILE    LEU    SER    ALA    THR    GLN    THR  
 ARG    GLN    VAL    GLN    HISD   TYR    SER    CYSS   CYSS   PRO  
 GLU    PRO    TYR    ILE    ASP    VAL    ASN    LEU    VAL    VAL  
 LYS    PHE    ARG    GLU    ARG    ARG    ALA    GLY    ASN    GLY  


NUMERO DE AMINOACIDOS DA CADEIA : 210

RECONSTRUCAO  DO ATOMO  2038  OXT DO AMINOACIDO   210 GLYT 

NUMERO DE ATOMOS DA CADEIA :  2038

FORAM RECONSTRUIDOS     0 ATOMOS DE HIDROGENIO
 GLNI   ALA    ASN    LEU    MET    ARG    LEU    LYS    SER    ASP  
 LEU    PHE    ASN    ARG    SER    PRO    MET    TYR    PRO    GLY  
 PRO    THR    LYS    ASP    ASP    PRO    LEU    THR    VAL    THR  
 LEU    GLY    PHE    THR    LEU    GLN    ASPN2  ILE    VAL    LYS  
 VAL    ASP    SER    SER    THR    ASN    GLU    VAL    ASP    LEU  
 VAL    TYR    TRP    GLU    GLN    GLN    ARG    TRP    LYS    LEU  
 ASN    SER    LEU    MET    TRP    ASP    PRO    ASN    GLU    TYR  
 GLY    ASN    ILE    THR    ASP    PHE    ARG    THR    SER    ALA  
 ALA    ASP    ILE    TRP    THR    PRO    ASP    ILE    THR    ALA  
 TYR    GLU    SER    THR    ARG    PRO    VAL    GLN    VAL    LEU  
 SER    PRO    GLN    ILE    ALA    VAL    VAL    THR    HISD   ASP  
 GLY    SER    VAL    MET    PHE    ILE    PRO    ALA    GLN    ARG  
 LEU    SER    PHE    MET    CYSS   ASP    PRO    THR    GLY    VAL  
 ASPN2  SER    GLU    GLU    GLY    VAL    THR    CYSS   ALA    LEU  
 THR    PHE    GLY    SER    TRP    VAL    TYR    SER    GLY    PHE  
 GLU    ILE    ASP    LEU    LYS    THR    ASP    THR    ASP    GLN  
 VAL    ASP    LEU    SER    SER    TYR    TYR    ALA    SER    SER  
 LYS    TYR    GLU    ILE    LEU    SER    ALA    THR    GLN    THR  
 ARG    GLN    VAL    GLN    HISD   TYR    SER    CYSS   CYSS   PRO  
 GLU    PRO    TYR    ILE    ASP    VAL    ASN    LEU    VAL    VAL  
 LYS    PHE    ARG    GLU    ARG    ARG    ALA    GLY    ASN    GLY  
 PHE    PHET 

NUMERO DE AMINOACIDOS DA CADEIA : 212

RECONSTRUCAO  DO ATOMO  2061  OXT DO AMINOACIDO   212 PHET 

NUMERO DE ATOMOS DA CADEIA :  2061

FORAM RECONSTRUIDOS     0 ATOMOS DE HIDROGENIO
 GLNI   ALA    ASN    LEU    MET    ARG    LEU    LYS    SER    ASP  
 LEU    PHE    ASN    ARG    SER    PRO    MET    TYR    PRO    GLY  
 PRO    THR    LYS    ASP    ASP    PRO    LEU    THR    VAL    THR  
 LEU    GLY    PHE    THR    LEU    GLN    ASPN2  ILE    VAL    LYS  
 VAL    ASP    SER    SER    THR    ASN    GLU    VAL    ASP    LEU  
 VAL    TYR    TRP    GLU    GLN    GLN    ARG    TRP    LYS    LEU  
 ASN    SER    LEU    MET    TRP    ASP    PRO    ASN    GLU    TYR  
 GLY    ASN    ILE    THR    ASP    PHE    ARG    THR    SER    ALA  
 ALA    ASP    ILE    TRP    THR    PRO    ASP    ILE    THR    ALA  
 TYR    GLU    SER    THR    ARG    PRO    VAL    GLN    VAL    LEU  
 SER    PRO    GLN    ILE    ALA    VAL    VAL    THR    HISD   ASP  
 GLY    SER    VAL    MET    PHE    ILE    PRO    ALA    GLN    ARG  
 LEU    SER    PHE    MET    CYSS   ASP    PRO    THR    GLY    VAL  
 ASPN2  SER    GLU    GLU    GLY    VAL    THR    CYSS   ALA    LEU  
 THR    PHE    GLY    SER    TRP    VAL    TYR    SER    GLY    PHE  
 GLU    ILE    ASP    LEU    LYS    THR    ASP    THR    ASP    GLN  
 VAL    ASP    LEU    SER    SER    TYR    TYR    ALA    SER    SER  
 LYS    TYR    GLU    ILE    LEU    SER    ALA    THR    GLN    THR  
 ARG    GLN    VAL    GLN    HISD   TYR    SER    CYSS   CYSS   PRO  
 GLU    PRO    TYR    ILE    ASP    VAL    ASN    LEU    VAL    VAL  
 LYS    PHE    ARG    GLU    ARG    ARG    ALA    GLY    ASN    GLY  
 PHE    PHET 

NUMERO DE AMINOACIDOS DA CADEIA : 212

RECONSTRUCAO  DO ATOMO  2061  OXT DO AMINOACIDO   212 PHET 

NUMERO DE ATOMOS DA CADEIA :  2061

FORAM RECONSTRUIDOS     0 ATOMOS DE HIDROGENIO
 GLNI   ALA    ASN    LEU    MET    ARG    LEU    LYS    SER    ASP  
 LEU    PHE    ASN    ARG    SER    PRO    MET    TYR    PRO    GLY  
 PRO    THR    LYS    ASP    ASP    PRO    LEU    THR    VAL    THR  
 LEU    GLY    PHE    THR    LEU    GLN    ASPN2  ILE    VAL    LYS  
 VAL    ASP    SER    SER    THR    ASN    GLU    VAL    ASP    LEU  
 VAL    TYR    TRP    GLU    GLN    GLN    ARG    TRP    LYS    LEU  
 ASN    SER    LEU    MET    TRP    ASP    PRO    ASN    GLU    TYR  
 GLY    ASN    ILE    THR    ASP    PHE    ARG    THR    SER    ALA  
 ALA    ASP    ILE    TRP    THR    PRO    ASP    ILE    THR    ALA  
 TYR    GLU    SER    THR    ARG    PRO    VAL    GLN    VAL    LEU  
 SER    PRO    GLN    ILE    ALA    VAL    VAL    THR    HISD   ASP  
 GLY    SER    VAL    MET    PHE    ILE    PRO    ALA    GLN    ARG  
 LEU    SER    PHE    MET    CYSS   ASP    PRO    THR    GLY    VAL  
 ASPN2  SER    GLU    GLU    GLY    VAL    THR    CYSS   ALA    LEU  
 THR    PHE    GLY    SER    TRP    VAL    TYR    SER    GLY    PHE  
 GLU    ILE    ASP    LEU    LYS    THR    ASP    THR    ASP    GLN  
 VAL    ASP    LEU    SER    SER    TYR    TYR    ALA    SER    SER  
 LYS    TYR    GLU    ILE    LEU    SER    ALA    THR    GLN    THR  
 ARG    GLN    VAL    GLN    HISD   TYR    SER    CYSS   CYSS   PRO  
 GLU    PRO    TYR    ILE    ASP    VAL    ASN    LEU    VAL    VAL  
 LYS    PHE    ARG    GLU    ARG    ARG    ALA    GLY    ASN    GLY  
 PHE    PHET 

NUMERO DE AMINOACIDOS DA CADEIA : 212

RECONSTRUCAO  DO ATOMO  2061  OXT DO AMINOACIDO   212 PHET 

NUMERO DE ATOMOS DA CADEIA :  2061

FORAM RECONSTRUIDOS     0 ATOMOS DE HIDROGENIO
 GLNI   ALA    ASN    LEU    MET    ARG    LEU    LYS    SER    ASP  
 LEU    PHE    ASN    ARG    SER    PRO    MET    TYR    PRO    GLY  
 PRO    THR    LYS    ASP    ASP    PRO    LEU    THR    VAL    THR  
 LEU    GLY    PHE    THR    LEU    GLN    ASPN2  ILE    VAL    LYS  
 VAL    ASP    SER    SER    THR    ASN    GLU    VAL    ASP    LEU  
 VAL    TYR    TRP    GLU    GLN    GLN    ARG    TRP    LYS    LEU  
 ASN    SER    LEU    MET    TRP    ASP    PRO    ASN    GLU    TYR  
 GLY    ASN    ILE    THR    ASP    PHE    ARG    THR    SER    ALA  
 ALA    ASP    ILE    TRP    THR    PRO    ASP    ILE    THR    ALA  
 TYR    GLU    SER    THR    ARG    PRO    VAL    GLN    VAL    LEU  
 SER    PRO    GLN    ILE    ALA    VAL    VAL    THR    HISD   ASP  
 GLY    SER    VAL    MET    PHE    ILE    PRO    ALA    GLN    ARG  
 LEU    SER    PHE    MET    CYSS   ASP    PRO    THR    GLY    VAL  
 ASPN2  SER    GLU    GLU    GLY    VAL    THR    CYSS   ALA    LEU  
 THR    PHE    GLY    SER    TRP    VAL    TYR    SER    GLY    PHE  
 GLU    ILE    ASP    LEU    LYS    THR    ASP    THR    ASP    GLN  
 VAL    ASP    LEU    SER    SER    TYR    TYR    ALA    SER    SER  
 LYS    TYR    GLU    ILE    LEU    SER    ALA    THR    GLN    THR  
 ARG    GLN    VAL    GLN    HISD   TYR    SER    CYSS   CYSS   PRO  
 GLU    PRO    TYR    ILE    ASP    VAL    ASN    LEU    VAL    VAL  
 LYS    PHE    ARG    GLU    ARG    ARG    ALA    GLY    ASN    GLY  
 PHE    PHET 

NUMERO DE AMINOACIDOS DA CADEIA : 212

RECONSTRUCAO  DO ATOMO  2062  OXT DO AMINOACIDO   212 PHET 

NUMERO DE ATOMOS DA CADEIA :  2062

FORAM RECONSTRUIDOS     0 ATOMOS DE HIDROGENIO
 GLNI   ALA    ASN    LEU    MET    ARG    LEU    LYS    SER    ASP  
 LEU    PHE    ASN    ARG    SER    PRO    MET    TYR    PRO    GLY  
 PRO    THR    LYS    ASP    ASP    PRO    LEU    THR    VAL    THR  
 LEU    GLY    PHE    THR    LEU    GLN    ASPN2  ILE    VAL    LYS  
 VAL    ASP    SER    SER    THR    ASN    GLU    VAL    ASP    LEU  
 VAL    TYR    TRP    GLU    GLN    GLN    ARG    TRP    LYS    LEU  
 ASN    SER    LEU    MET    TRP    ASP    PRO    ASN    GLU    TYR  
 GLY    ASN    ILE    THR    ASP    PHE    ARG    THR    SER    ALA  
 ALA    ASP    ILE    TRP    THR    PRO    ASP    ILE    THR    ALA  
 TYR    GLU    SER    THR    ARG    PRO    VAL    GLN    VAL    LEU  
 SER    PRO    GLN    ILE    ALA    VAL    VAL    THR    HISD   ASP  
 GLY    SER    VAL    MET    PHE    ILE    PRO    ALA    GLN    ARG  
 LEU    SER    PHE    MET    CYSS   ASP    PRO    THR    GLY    VAL  
 ASPN2  SER    GLU    GLU    GLY    VAL    THR    CYSS   ALA    LEU  
 THR    PHE    GLY    SER    TRP    VAL    TYR    SER    GLY    PHE  
 GLU    ILE    ASP    LEU    LYS    THR    ASP    THR    ASP    GLN  
 VAL    ASP    LEU    SER    SER    TYR    TYR    ALA    SER    SER  
 LYS    TYR    GLU    ILE    LEU    SER    ALA    THR    GLN    THR  
 ARG    GLN    VAL    GLN    HISD   TYR    SER    CYSS   CYSS   PRO  
 GLU    PRO    TYR    ILE    ASP    VAL    ASN    LEU    VAL    VAL  
 LYS    PHE    ARG    GLU    ARG    ARG    ALA    GLY    ASN    GLY  
 PHE    PHET 

NUMERO DE AMINOACIDOS DA CADEIA : 212

RECONSTRUCAO  DO ATOMO  2062  OXT DO AMINOACIDO   212 PHET 

NUMERO DE ATOMOS DA CADEIA :  2062

FORAM RECONSTRUIDOS     0 ATOMOS DE HIDROGENIO
 GLNI   ALA    ASN    LEU    MET    ARG    LEU    LYS    SER    ASP  
 LEU    PHE    ASN    ARG    SER    PRO    MET    TYR    PRO    GLY  
 PRO    THR    LYS    ASP    ASP    PRO    LEU    THR    VAL    THR  
 LEU    GLY    PHE    THR    LEU    GLN    ASPN2  ILE    VAL    LYS  
 VAL    ASP    SER    SER    THR    ASN    GLU    VAL    ASP    LEU  
 VAL    TYR    TRP    GLU    GLN    GLN    ARG    TRP    LYS    LEU  
 ASN    SER    LEU    MET    TRP    ASP    PRO    ASN    GLU    TYR  
 GLY    ASN    ILE    THR    ASP    PHE    ARG    THR    SER    ALA  
 ALA    ASP    ILE    TRP    THR    PRO    ASP    ILE    THR    ALA  
 TYR    GLU    SER    THR    ARG    PRO    VAL    GLN    VAL    LEU  
 SER    PRO    GLN    ILE    ALA    VAL    VAL    THR    HISD   ASP  
 GLY    SER    VAL    MET    PHE    ILE    PRO    ALA    GLN    ARG  
 LEU    SER    PHE    MET    CYSS   ASP    PRO    THR    GLY    VAL  
 ASPN2  SER    GLU    GLU    GLY    VAL    THR    CYSS   ALA    LEU  
 THR    PHE    GLY    SER    TRP    VAL    TYR    SER    GLY    PHE  
 GLU    ILE    ASP    LEU    LYS    THR    ASP    THR    ASP    GLN  
 VAL    ASP    LEU    SER    SER    TYR    TYR    ALA    SER    SER  
 LYS    TYR    GLU    ILE    LEU    SER    ALA    THR    GLN    THR  
 ARG    GLN    VAL    GLN    HISD   TYR    SER    CYSS   CYSS   PRO  
 GLU    PRO    TYR    ILE    ASP    VAL    ASN    LEU    VAL    VAL  
 LYS    PHE    ARG    GLU    ARG  

NUMERO DE AMINOACIDOS DA CADEIA : 205

RECONSTRUCAO  DO ATOMO  1995  OXT DO AMINOACIDO   205 ARGT 

NUMERO DE ATOMOS DA CADEIA :  1995

FORAM RECONSTRUIDOS     0 ATOMOS DE HIDROGENIO
 GLNI   ALA    ASN    LEU    MET    ARG    LEU    LYS    SER    ASP  
 LEU    PHE    ASN    ARG    SER    PRO    MET    TYR    PRO    GLY  
 PRO    THR    LYS    ASP    ASP    PRO    LEU    THR    VAL    THR  
 LEU    GLY    PHE    THR    LEU    GLN    ASPN2  ILE    VAL    LYS  
 VAL    ASP    SER    SER    THR    ASN    GLU    VAL    ASP    LEU  
 VAL    TYR    TRP    GLU    GLN    GLN    ARG    TRP    LYS    LEU  
 ASN    SER    LEU    MET    TRP    ASP    PRO    ASN    GLU    TYR  
 GLY    ASN    ILE    THR    ASP    PHE    ARG    THR    SER    ALA  
 ALA    ASP    ILE    TRP    THR    PRO    ASP    ILE    THR    ALA  
 TYR    GLU    SER    THR    ARG    PRO    VAL    GLN    VAL    LEU  
 SER    PRO    GLN    ILE    ALA    VAL    VAL    THR    HISD   ASP  
 GLY    SER    VAL    MET    PHE    ILE    PRO    ALA    GLN    ARG  
 LEU    SER    PHE    MET    CYSS   ASP    PRO    THR    GLY    VAL  
 ASPN2  SER    GLU    GLU    GLY    VAL    THR    CYSS   ALA    LEU  
 THR    PHE    GLY    SER    TRP    VAL    TYR    SER    GLY    PHE  
 GLU    ILE    ASP    LEU    LYS    THR    ASP    THR    ASP    GLN  
 VAL    ASP    LEU    SER    SER    TYR    TYR    ALA    SER    SER  
 LYS    TYR    GLU    ILE    LEU    SER    ALA    THR    GLN    THR  
 ARG    GLN    VAL    GLN    HISD   TYR    SER    CYSS   CYSS   PRO  
 GLU    PRO    TYR    ILE    ASP    VAL    ASN    LEU    VAL    VAL  
 LYS    PHE    ARG    GLU    ARG    ARG    ALA    GLY    ASN    GLY  
 PHE    PHET 

NUMERO DE AMINOACIDOS DA CADEIA : 212

RECONSTRUCAO  DO ATOMO  2062  OXT DO AMINOACIDO   212 PHET 

NUMERO DE ATOMOS DA CADEIA :  2062

FORAM RECONSTRUIDOS     0 ATOMOS DE HIDROGENIO
 GLNI   ALA    ASN    LEU    MET    ARG    LEU    LYS    SER    ASP  
 LEU    PHE    ASN    ARG    SER    PRO    MET    TYR    PRO    GLY  
 PRO    THR    LYS    ASP    ASP    PRO    LEU    THR    VAL    THR  
 LEU    GLY    PHE    THR    LEU    GLN    ASPN2  ILE    VAL    LYS  
 VAL    ASP    SER    SER    THR    ASN    GLU    VAL    ASP    LEU  
 VAL    TYR    TRP    GLU    GLN    GLN    ARG    TRP    LYS    LEU  
 ASN    SER    LEU    MET    TRP    ASP    PRO    ASN    GLU    TYR  
 GLY    ASN    ILE    THR    ASP    PHE    ARG    THR    SER    ALA  
 ALA    ASP    ILE    TRP    THR    PRO    ASP    ILE    THR    ALA  
 TYR    GLU    SER    THR    ARG    PRO    VAL    GLN    VAL    LEU  
 SER    PRO    GLN    ILE    ALA    VAL    VAL    THR    HISD   ASP  
 GLY    SER    VAL    MET    PHE    ILE    PRO    ALA    GLN    ARG  
 LEU    SER    PHE    MET    CYSS   ASP    PRO    THR    GLY    VAL  
 ASPN2  SER    GLU    GLU    GLY    VAL    THR    CYSS   ALA    LEU  
 THR    PHE    GLY    SER    TRP    VAL    TYR    SER    GLY    PHE  
 GLU    ILE    ASP    LEU    LYS    THR    ASP    THR    ASP    GLN  
 VAL    ASP    LEU    SER    SER    TYR    TYR    ALA    SER    SER  
 LYS    TYR    GLU    ILE    LEU    SER    ALA    THR    GLN    THR  
 ARG    GLN    VAL    GLN    HISD   TYR    SER    CYSS   CYSS   PRO  
 GLU    PRO    TYR    ILE    ASP    VAL    ASN    LEU    VAL    VAL  
 LYS    PHE    ARG    GLU    ARG    ARG    ALA    GLY    ASN    GLY  
 PHE    PHET 

NUMERO DE AMINOACIDOS DA CADEIA : 212

RECONSTRUCAO  DO ATOMO  2062  OXT DO AMINOACIDO   212 PHET 

NUMERO DE ATOMOS DA CADEIA :  2062

FORAM RECONSTRUIDOS     0 ATOMOS DE HIDROGENIO
