 LEUI   ILE    VAL    ASN    VAL    ILE    ASN    GLY    PRO    ASN  
 LEU    GLY    ARG    LEU    GLY    ARG    ARG    GLU    PRO    ALA  
 VAL    TYR    GLY    GLY    THR    THR    HISD   ASP    GLU    LEU  
 VAL    ALA    LEU    ILE    GLU    ARG    GLU    ALA    ALA    GLU  
 LEU    GLY    LEU    LYS    ALA    VAL    VAL    ARG    GLN    SER  
 ASP    SER    GLU    ALA    GLN    LEU    LEU    ASP    TRP    ILE  
 HISE   GLN    ALA    ALA    ASP    ALA    ALA    GLU    PRO    VAL  
 ILE    LEU    ASN    ALA    GLY    GLY    LEU    THR    HISD   THR  
 SER    VAL    ALA    LEU    ARG    ASP    ALA    CYSH   ALA    GLU  
 LEU    SER    ALA    PRO    LEU    ILE    GLU    VAL    HISE   ILE  
 SER    ASN    VAL    HISD   ALA    ARG    GLU    GLU    PHE    ARG  
 ARG    HISE   SER    TYR    LEU    SER    PRO    ILE    ALA    THR  
 GLY    VAL    ILE    VAL    GLY    LEU    GLY    ILE    GLN    GLY  
 TYR    LEU    LEU    ALA    LEU    ARG    TYR    LEU    ALA    GLU  
 HISD 

NUMERO DE AMINOACIDOS DA CADEIA : 141


NUMERO DE ATOMOS DA CADEIA :  1306

 LEUI   ILE    VAL    ASN    VAL    ILE    ASN    GLY    PRO    ASN  
 LEU    GLY    ARG    LEU    GLY    ARG    ARG    GLU    PRO    ALA  
 VAL    TYR    GLY    GLY    THR    THR    HISD   ASP    GLU    LEU  
 VAL    ALA    LEU    ILE    GLU    ARG    GLU    ALA    ALA    GLU  
 LEU    GLY    LEU    LYS    ALA    VAL    VAL    ARG    GLN    SER  
 ASP    SER    GLU    ALA    GLN    LEU    LEU    ASP    TRP    ILE  
 HISE   GLN    ALA    ALA    ASP    ALA    ALA    GLU    PRO    VAL  
 ILE    LEU    ASN    ALA    GLY    GLY    LEU    THR    HISD   THR  
 SER    VAL    ALA    LEU    ARG    ASP    ALA    CYSH   ALA    GLU  
 LEU    SER    ALA    PRO    LEU    ILE    GLU    VAL    HISE   ILE  
 SER    ASN    VAL    HISD   ALA    ARG    GLU    GLU    PHE    ARG  
 ARG    HISE   SER    TYR    LEU    SER    PRO    ILE    ALA    THR  
 GLY    VAL    ILE    VAL    GLY    LEU    GLY    ILE    GLN    GLY  
 TYR    LEU    LEU    ALA    LEU    ARG    TYR    LEU    ALA    GLU  
 HISD 

NUMERO DE AMINOACIDOS DA CADEIA : 141


NUMERO DE ATOMOS DA CADEIA :  1305

 LEUI   ILE    VAL    ASN    VAL    ILE    ASN    GLY    PRO    ASN  
 LEU    GLY    ARG    LEU    GLY    ARG    ARG    GLU    PRO    ALA  
 VAL    TYR    GLY    GLY    THR    THR    HISD   ASP    GLU    LEU  
 VAL    ALA    LEU    ILE    GLU    ARG    GLU    ALA    ALA    GLU  
 LEU    GLY    LEU    LYS    ALA    VAL    VAL    ARG    GLN    SER  
 ASP    SER    GLU    ALA    GLN    LEU    LEU    ASP    TRP    ILE  
 HISE   GLN    ALA    ALA    ASP    ALA    ALA    GLU    PRO    VAL  
 ILE    LEU    ASN    ALA    GLY    GLY    LEU    THR    HISD   THR  
 SER    VAL    ALA    LEU    ARG    ASP    ALA    CYSH   ALA    GLU  
 LEU    SER    ALA    PRO    LEU    ILE    GLU    VAL    HISE   ILE  
 SER    ASN    VAL    HISD   ALA    ARG    GLU    GLU    PHE    ARG  
 ARG    HISE   SER    TYR    LEU    SER    PRO    ILE    ALA    THR  
 GLY    VAL    ILE    VAL    GLY    LEU    GLY    ILE    GLN    GLY  
 TYR    LEU    LEU    ALA    LEU    ARG    TYR    LEU    ALA    GLU  
 HISD 

NUMERO DE AMINOACIDOS DA CADEIA : 141


NUMERO DE ATOMOS DA CADEIA :  1305

 LEUI   ILE    VAL    ASN    VAL    ILE    ASN    GLY    PRO    ASN  
 LEU    GLY    ARG    LEU    GLY    ARG    ARG    GLU    PRO    ALA  
 VAL    TYR    GLY    GLY    THR    THR    HISD   ASP    GLU    LEU  
 VAL    ALA    LEU    ILE    GLU    ARG    GLU    ALA    ALA    GLU  
 LEU    GLY    LEU    LYS    ALA    VAL    VAL    ARG    GLN    SER  
 ASP    SER    GLU    ALA    GLN    LEU    LEU    ASP    TRP    ILE  
 HISE   GLN    ALA    ALA    ASP    ALA    ALA    GLU    PRO    VAL  
 ILE    LEU    ASN    ALA    GLY    GLY    LEU    THR    HISD   THR  
 SER    VAL    ALA    LEU    ARG    ASP    ALA    CYSH   ALA    GLU  
 LEU    SER    ALA    PRO    LEU    ILE    GLU    VAL    HISE   ILE  
 SER    ASN    VAL    HISD   ALA    ARG    GLU    GLU    PHE    ARG  
 ARG    HISE   SER    TYR    LEU    SER    PRO    ILE    ALA    THR  
 GLY    VAL    ILE    VAL    GLY    LEU    GLY    ILE    GLN    GLY  
 TYR    LEU    LEU    ALA    LEU    ARG    TYR    LEU    ALA    GLU  
 HISD 

NUMERO DE AMINOACIDOS DA CADEIA : 141


NUMERO DE ATOMOS DA CADEIA :  1305

 LEUI   ILE    VAL    ASN    VAL    ILE    ASN    GLY    PRO    ASN  
 LEU    GLY    ARG    LEU    GLY    ARG    ARG    GLU    PRO    ALA  
 VAL    TYR    GLY    GLY    THR    THR    HISD   ASP    GLU    LEU  
 VAL    ALA    LEU    ILE    GLU    ARG    GLU    ALA    ALA    GLU  
 LEU    GLY    LEU    LYS    ALA    VAL    VAL    ARG    GLN    SER  
 ASP    SER    GLU    ALA    GLN    LEU    LEU    ASP    TRP    ILE  
 HISE   GLN    ALA    ALA    ASP    ALA    ALA    GLU    PRO    VAL  
 ILE    LEU    ASN    ALA    GLY    GLY    LEU    THR    HISD   THR  
 SER    VAL    ALA    LEU    ARG    ASP    ALA    CYSH   ALA    GLU  
 LEU    SER    ALA    PRO    LEU    ILE    GLU    VAL    HISE   ILE  
 SER    ASN    VAL    HISD   ALA    ARG    GLU    GLU    PHE    ARG  
 ARG    HISE   SER    TYR    LEU    SER    PRO    ILE    ALA    THR  
 GLY    VAL    ILE    VAL    GLY    LEU    GLY    ILE    GLN    GLY  
 TYR    LEU    LEU    ALA    LEU    ARG    TYR    LEU    ALA    GLU  
 HISD 

NUMERO DE AMINOACIDOS DA CADEIA : 141


NUMERO DE ATOMOS DA CADEIA :  1305

 LEUI   ILE    VAL    ASN    VAL    ILE    ASN    GLY    PRO    ASN  
 LEU    GLY    ARG    LEU    GLY    ARG    ARG    GLU    PRO    ALA  
 VAL    TYR    GLY    GLY    THR    THR    HISD   ASP    GLU    LEU  
 VAL    ALA    LEU    ILE    GLU    ARG    GLU    ALA    ALA    GLU  
 LEU    GLY    LEU    LYS    ALA    VAL    VAL    ARG    GLN    SER  
 ASP    SER    GLU    ALA    GLN    LEU    LEU    ASP    TRP    ILE  
 HISE   GLN    ALA    ALA    ASP    ALA    ALA    GLU    PRO    VAL  
 ILE    LEU    ASN    ALA    GLY    GLY    LEU    THR    HISD   THR  
 SER    VAL    ALA    LEU    ARG    ASP    ALA    CYSH   ALA    GLU  
 LEU    SER    ALA    PRO    LEU    ILE    GLU    VAL    HISE   ILE  
 SER    ASN    VAL    HISD   ALA    ARG    GLU    GLU    PHE    ARG  
 ARG    HISE   SER    TYR    LEU    SER    PRO    ILE    ALA    THR  
 GLY    VAL    ILE    VAL    GLY    LEU    GLY    ILE    GLN    GLY  
 TYR    LEU    LEU    ALA    LEU    ARG    TYR    LEU    ALA    GLU  
 HISD 

NUMERO DE AMINOACIDOS DA CADEIA : 141


NUMERO DE ATOMOS DA CADEIA :  1305

 LEUI   ILE    VAL    ASN    VAL    ILE    ASN    GLY    PRO    ASN  
 LEU    GLY    ARG    LEU    GLY    ARG    ARG    GLU    PRO    ALA  
 VAL    TYR    GLY    GLY    THR    THR    HISD   ASP    GLU    LEU  
 VAL    ALA    LEU    ILE    GLU    ARG    GLU    ALA    ALA    GLU  
 LEU    GLY    LEU    LYS    ALA    VAL    VAL    ARG    GLN    SER  
 ASP    SER    GLU    ALA    GLN    LEU    LEU    ASP    TRP    ILE  
 HISE   GLN    ALA    ALA    ASP    ALA    ALA    GLU    PRO    VAL  
 ILE    LEU    ASN    ALA    GLY    GLY    LEU    THR    HISD   THR  
 SER    VAL    ALA    LEU    ARG    ASP    ALA    CYSH   ALA    GLU  
 LEU    SER    ALA    PRO    LEU    ILE    GLU    VAL    HISE   ILE  
 SER    ASN    VAL    HISD   ALA    ARG    GLU    GLU    PHE    ARG  
 ARG    HISE   SER    TYR    LEU    SER    PRO    ILE    ALA    THR  
 GLY    VAL    ILE    VAL    GLY    LEU    GLY    ILE    GLN    GLY  
 TYR    LEU    LEU    ALA    LEU    ARG    TYR    LEU    ALA    GLU  
 HISD 

NUMERO DE AMINOACIDOS DA CADEIA : 141


NUMERO DE ATOMOS DA CADEIA :  1305

 LEUI   ILE    VAL    ASN    VAL    ILE    ASN    GLY    PRO    ASN  
 LEU    GLY    ARG    LEU    GLY    ARG    ARG    GLU    PRO    ALA  
 VAL    TYR    GLY    GLY    THR    THR    HISD   ASP    GLU    LEU  
 VAL    ALA    LEU    ILE    GLU    ARG    GLU    ALA    ALA    GLU  
 LEU    GLY    LEU    LYS    ALA    VAL    VAL    ARG    GLN    SER  
 ASP    SER    GLU    ALA    GLN    LEU    LEU    ASP    TRP    ILE  
 HISE   GLN    ALA    ALA    ASP    ALA    ALA    GLU    PRO    VAL  
 ILE    LEU    ASN    ALA    GLY    GLY    LEU    THR    HISD   THR  
 SER    VAL    ALA    LEU    ARG    ASP    ALA    CYSH   ALA    GLU  
 LEU    SER    ALA    PRO    LEU    ILE    GLU    VAL    HISE   ILE  
 SER    ASN    VAL    HISD   ALA    ARG    GLU    GLU    PHE    ARG  
 ARG    HISE   SER    TYR    LEU    SER    PRO    ILE    ALA    THR  
 GLY    VAL    ILE    VAL    GLY    LEU    GLY    ILE    GLN    GLY  
 TYR    LEU    LEU    ALA    LEU    ARG    TYR    LEU    ALA    GLU  
 HISD 

NUMERO DE AMINOACIDOS DA CADEIA : 141


NUMERO DE ATOMOS DA CADEIA :  1305

 LEUI   ILE    VAL    ASN    VAL    ILE    ASN    GLY    PRO    ASN  
 LEU    GLY    ARG    LEU    GLY    ARG    ARG    GLU    PRO    ALA  
 VAL    TYR    GLY    GLY    THR    THR    HISD   ASP    GLU    LEU  
 VAL    ALA    LEU    ILE    GLU    ARG    GLU    ALA    ALA    GLU  
 LEU    GLY    LEU    LYS    ALA    VAL    VAL    ARG    GLN    SER  
 ASP    SER    GLU    ALA    GLN    LEU    LEU    ASP    TRP    ILE  
 HISE   GLN    ALA    ALA    ASP    ALA    ALA    GLU    PRO    VAL  
 ILE    LEU    ASN    ALA    GLY    GLY    LEU    THR    HISD   THR  
 SER    VAL    ALA    LEU    ARG    ASP    ALA    CYSH   ALA    GLU  
 LEU    SER    ALA    PRO    LEU    ILE    GLU    VAL    HISE   ILE  
 SER    ASN    VAL    HISD   ALA    ARG    GLU    GLU    PHE    ARG  
 ARG    HISE   SER    TYR    LEU    SER    PRO    ILE    ALA    THR  
 GLY    VAL    ILE    VAL    GLY    LEU    GLY    ILE    GLN    GLY  
 TYR    LEU    LEU    ALA    LEU    ARG    TYR    LEU    ALA    GLU  
 HISD 

NUMERO DE AMINOACIDOS DA CADEIA : 141


NUMERO DE ATOMOS DA CADEIA :  1305

 LEUI   ILE    VAL    ASN    VAL    ILE    ASN    GLY    PRO    ASN  
 LEU    GLY    ARG    LEU    GLY    ARG    ARG    GLU    PRO    ALA  
 VAL    TYR    GLY    GLY    THR    THR    HISD   ASP    GLU    LEU  
 VAL    ALA    LEU    ILE    GLU    ARG    GLU    ALA    ALA    GLU  
 LEU    GLY    LEU    LYS    ALA    VAL    VAL    ARG    GLN    SER  
 ASP    SER    GLU    ALA    GLN    LEU    LEU    ASP    TRP    ILE  
 HISE   GLN    ALA    ALA    ASP    ALA    ALA    GLU    PRO    VAL  
 ILE    LEU    ASN    ALA    GLY    GLY    LEU    THR    HISD   THR  
 SER    VAL    ALA    LEU    ARG    ASP    ALA    CYSH   ALA    GLU  
 LEU    SER    ALA    PRO    LEU    ILE    GLU    VAL    HISE   ILE  
 SER    ASN    VAL    HISD   ALA    ARG    GLU    GLU    PHE    ARG  
 ARG    HISE   SER    TYR    LEU    SER    PRO    ILE    ALA    THR  
 GLY    VAL    ILE    VAL    GLY    LEU    GLY    ILE    GLN    GLY  
 TYR    LEU    LEU    ALA    LEU    ARG    TYR    LEU    ALA    GLU  
 HISD 

NUMERO DE AMINOACIDOS DA CADEIA : 141


NUMERO DE ATOMOS DA CADEIA :  1305

 LEUI   ILE    VAL    ASN    VAL    ILE    ASN    GLY    PRO    ASN  
 LEU    GLY    ARG    LEU    GLY    ARG    ARG    GLU    PRO    ALA  
 VAL    TYR    GLY    GLY    THR    THR    HISD   ASP    GLU    LEU  
 VAL    ALA    LEU    ILE    GLU    ARG    GLU    ALA    ALA    GLU  
 LEU    GLY    LEU    LYS    ALA    VAL    VAL    ARG    GLN    SER  
 ASP    SER    GLU    ALA    GLN    LEU    LEU    ASP    TRP    ILE  
 HISE   GLN    ALA    ALA    ASP    ALA    ALA    GLU    PRO    VAL  
 ILE    LEU    ASN    ALA    GLY    GLY    LEU    THR    HISD   THR  
 SER    VAL    ALA    LEU    ARG    ASP    ALA    CYSH   ALA    GLU  
 LEU    SER    ALA    PRO    LEU    ILE    GLU    VAL    HISE   ILE  
 SER    ASN    VAL    HISD   ALA    ARG    GLU    GLU    PHE    ARG  
 ARG    HISE   SER    TYR    LEU    SER    PRO    ILE    ALA    THR  
 GLY    VAL    ILE    VAL    GLY    LEU    GLY    ILE    GLN    GLY  
 TYR    LEU    LEU    ALA    LEU    ARG    TYR    LEU    ALA    GLU  
 HISD 

NUMERO DE AMINOACIDOS DA CADEIA : 141


NUMERO DE ATOMOS DA CADEIA :  1305

 LEUI   ILE    VAL    ASN    VAL    ILE    ASN    GLY    PRO    ASN  
 LEU    GLY    ARG    LEU    GLY    ARG    ARG    GLU    PRO    ALA  
 VAL    TYR    GLY    GLY    THR    THR    HISD   ASP    GLU    LEU  
 VAL    ALA    LEU    ILE    GLU    ARG    GLU    ALA    ALA    GLU  
 LEU    GLY    LEU    LYS    ALA    VAL    VAL    ARG    GLN    SER  
 ASP    SER    GLU    ALA    GLN    LEU    LEU    ASP    TRP    ILE  
 HISE   GLN    ALA    ALA    ASP    ALA    ALA    GLU    PRO    VAL  
 ILE    LEU    ASN    ALA    GLY    GLY    LEU    THR    HISD   THR  
 SER    VAL    ALA    LEU    ARG    ASP    ALA    CYSH   ALA    GLU  
 LEU    SER    ALA    PRO    LEU    ILE    GLU    VAL    HISE   ILE  
 SER    ASN    VAL    HISD   ALA    ARG    GLU    GLU    PHE    ARG  
 ARG    HISE   SER    TYR    LEU    SER    PRO    ILE    ALA    THR  
 GLY    VAL    ILE    VAL    GLY    LEU    GLY    ILE    GLN    GLY  
 TYR    LEU    LEU    ALA    LEU    ARG    TYR    LEU    ALA    GLU  
 HISD 

NUMERO DE AMINOACIDOS DA CADEIA : 141


NUMERO DE ATOMOS DA CADEIA :  1305

